#
# There is insufficient memory for the Java Runtime Environment to continue.
# Native memory allocation (mmap) failed to map 132120576 bytes for G1 virtual space
# Possible reasons:
#   The system is out of physical RAM or swap space
#   The process is running with CompressedOops enabled, and the Java Heap may be blocking the growth of the native heap
# Possible solutions:
#   Reduce memory load on the system
#   Increase physical memory or swap space
#   Check if swap backing store is full
#   Decrease Java heap size (-Xmx/-Xms)
#   Decrease number of Java threads
#   Decrease Java thread stack sizes (-Xss)
#   Set larger code cache with -XX:ReservedCodeCacheSize=
#   JVM is running with Unscaled Compressed Oops mode in which the Java heap is
#     placed in the first 4GB address space. The Java Heap base address is the
#     maximum limit for the native heap growth. Please use -XX:HeapBaseMinAddress
#     to set the Java Heap base and to place the Java Heap above 4GB virtual address.
# This output file may be truncated or incomplete.
#
#  Out of Memory Error (os_windows.cpp:3541), pid=21572, tid=16960
#
# JRE version:  (17.0.4.1+1) (build )
# Java VM: OpenJDK 64-Bit Server VM (17.0.4.1+1, mixed mode, emulated-client, sharing, tiered, compressed oops, compressed class ptrs, g1 gc, windows-amd64)
# No core dump will be written. Minidumps are not enabled by default on client versions of Windows
#

---------------  S U M M A R Y ------------

Command Line: -XX:TieredStopAtLevel=1 -Xverify:none -Dspring.output.ansi.enabled=always -Dcom.sun.management.jmxremote -Dspring.jmx.enabled=true -Dspring.liveBeansView.mbeanDomain -Dspring.application.admin.enabled=true -javaagent:C:\Program Files\JetBrains\IntelliJ IDEA 2021.3.2\lib\idea_rt.jar=54805:C:\Program Files\JetBrains\IntelliJ IDEA 2021.3.2\bin -Dfile.encoding=UTF-8 org.sid.billingproducer.BillingProducerApplication

Host: Intel(R) Core(TM) i5-8350U CPU @ 1.70GHz, 8 cores, 7G,  Windows 11 , 64 bit Build 22000 (10.0.22000.1335)
Time: Tue Jan 17 21:38:05 2023 Maroc (heure d64 bit Build 22000 (10.0.22000.1335) elapsed time: 0.026300 seconds (0d 0h 0m 0s)

---------------  T H R E A D  ---------------

Current thread (0x000001fece6c6a00):  JavaThread "Unknown thread" [_thread_in_vm, id=16960, stack(0x000000b158600000,0x000000b158700000)]

Stack: [0x000000b158600000,0x000000b158700000]
Native frames: (J=compiled Java code, j=interpreted, Vv=VM code, C=native code)
V  [jvm.dll+0x67731a]
V  [jvm.dll+0x832284]
V  [jvm.dll+0x833a2e]
V  [jvm.dll+0x834093]
V  [jvm.dll+0x245775]
V  [jvm.dll+0x674209]
V  [jvm.dll+0x668a92]
V  [jvm.dll+0x30471b]
V  [jvm.dll+0x30bc66]
V  [jvm.dll+0x35ba9e]
V  [jvm.dll+0x35bccf]
V  [jvm.dll+0x2db5b8]
V  [jvm.dll+0x2dc524]
V  [jvm.dll+0x803db1]
V  [jvm.dll+0x3698f1]
V  [jvm.dll+0x7e31bc]
V  [jvm.dll+0x3ec25f]
V  [jvm.dll+0x3edde1]
C  [jli.dll+0x5277]
C  [ucrtbase.dll+0x26c0c]
C  [KERNEL32.DLL+0x155a0]
C  [ntdll.dll+0x485b]


---------------  P R O C E S S  ---------------

Threads class SMR info:
_java_thread_list=0x00007ffbc55f4e98, length=0, elements={
}

Java Threads: ( => current thread )

Other Threads:
  0x000001fece721870 GCTaskThread "GC Thread#0" [stack: 0x000000b158700000,0x000000b158800000] [id=12648]
  0x000001fece72e470 ConcurrentGCThread "G1 Main Marker" [stack: 0x000000b158800000,0x000000b158900000] [id=20136]
  0x000001fece730540 ConcurrentGCThread "G1 Conc#0" [stack: 0x000000b158900000,0x000000b158a00000] [id=13940]

[error occurred during error reporting (printing all threads), id 0xc0000005, EXCEPTION_ACCESS_VIOLATION (0xc0000005) at pc=0x00007ffbc4dcc047]

VM state: not at safepoint (not fully initialized)

VM Mutex/Monitor currently owned by a thread:  ([mutex/lock_event])
[0x000001fece6c2810] Heap_lock - owner thread: 0x000001fece6c6a00

Heap address: 0x0000000082200000, size: 2014 MB, Compressed Oops mode: 32-bit

CDS archive(s) mapped at: [0x0000000000000000-0x0000000000000000-0x0000000000000000), size 0, SharedBaseAddress: 0x0000000800000000, ArchiveRelocationMode: 0.
Narrow klass base: 0x0000000000000000, Narrow klass shift: 0, Narrow klass range: 0x0

GC Precious Log:
<Empty>

Heap:
 garbage-first heap   total 0K, used 0K [0x0000000082200000, 0x0000000100000000)
  region size 1024K, 0 young (0K), 0 survivors (0K)

[error occurred during error reporting (printing heap information), id 0xc0000005, EXCEPTION_ACCESS_VIOLATION (0xc0000005) at pc=0x00007ffbc51b0699]

GC Heap History (0 events):
No events

Deoptimization events (0 events):
No events

Classes unloaded (0 events):
No events

Classes redefined (0 events):
No events

Internal exceptions (0 events):
No events

VM Operations (0 events):
No events

Events (1 events):
Event: 0.016 Loaded shared library C:\Users\assia\.jdks\temurin-17.0.4.1\bin\java.dll


Dynamic libraries:
0x00007ff7cc6e0000 - 0x00007ff7cc6ee000 	C:\Users\assia\.jdks\temurin-17.0.4.1\bin\java.exe
0x00007ffc82ac0000 - 0x00007ffc82cc9000 	C:\WINDOWS\SYSTEM32\ntdll.dll
0x00007ffc81240000 - 0x00007ffc812fe000 	C:\WINDOWS\System32\KERNEL32.DLL
0x00007ffc80080000 - 0x00007ffc803fb000 	C:\WINDOWS\System32\KERNELBASE.dll
0x00007ffc80520000 - 0x00007ffc80631000 	C:\WINDOWS\System32\ucrtbase.dll
0x00007ffc31c70000 - 0x00007ffc31c89000 	C:\Users\assia\.jdks\temurin-17.0.4.1\bin\VCRUNTIME140.dll
0x00007ffc2de00000 - 0x00007ffc2de18000 	C:\Users\assia\.jdks\temurin-17.0.4.1\bin\jli.dll
0x00007ffc81e40000 - 0x00007ffc81fed000 	C:\WINDOWS\System32\USER32.dll
0x00007ffc5a610000 - 0x00007ffc5a8b5000 	C:\WINDOWS\WinSxS\amd64_microsoft.windows.common-controls_6595b64144ccf1df_6.0.22000.120_none_9d947278b86cc467\COMCTL32.dll
0x00007ffc80910000 - 0x00007ffc80936000 	C:\WINDOWS\System32\win32u.dll
0x00007ffc820a0000 - 0x00007ffc82143000 	C:\WINDOWS\System32\msvcrt.dll
0x00007ffc80f60000 - 0x00007ffc80f89000 	C:\WINDOWS\System32\GDI32.dll
0x00007ffc80400000 - 0x00007ffc80518000 	C:\WINDOWS\System32\gdi32full.dll
0x00007ffc80640000 - 0x00007ffc806dd000 	C:\WINDOWS\System32\msvcp_win.dll
0x00007ffc81ff0000 - 0x00007ffc82022000 	C:\WINDOWS\System32\IMM32.DLL
0x00007ffc4b6f0000 - 0x00007ffc4b6fc000 	C:\Users\assia\.jdks\temurin-17.0.4.1\bin\vcruntime140_1.dll
0x00007ffc296f0000 - 0x00007ffc29781000 	C:\Users\assia\.jdks\temurin-17.0.4.1\bin\msvcp140.dll
0x00007ffbc4ae0000 - 0x00007ffbc5726000 	C:\Users\assia\.jdks\temurin-17.0.4.1\bin\server\jvm.dll
0x00007ffc80940000 - 0x00007ffc809ee000 	C:\WINDOWS\System32\ADVAPI32.dll
0x00007ffc829e0000 - 0x00007ffc82a7e000 	C:\WINDOWS\System32\sechost.dll
0x00007ffc81930000 - 0x00007ffc81a50000 	C:\WINDOWS\System32\RPCRT4.dll
0x00007ffc80f50000 - 0x00007ffc80f58000 	C:\WINDOWS\System32\PSAPI.DLL
0x00007ffc77f60000 - 0x00007ffc77f93000 	C:\WINDOWS\SYSTEM32\WINMM.dll
0x00007ffc72450000 - 0x00007ffc72459000 	C:\WINDOWS\SYSTEM32\WSOCK32.dll
0x00007ffc77d90000 - 0x00007ffc77d9a000 	C:\WINDOWS\SYSTEM32\VERSION.dll
0x00007ffc81130000 - 0x00007ffc8119f000 	C:\WINDOWS\System32\WS2_32.dll
0x00007ffc7efd0000 - 0x00007ffc7efe8000 	C:\WINDOWS\SYSTEM32\kernel.appcore.dll
0x00007ffc3f3f0000 - 0x00007ffc3f3fa000 	C:\Users\assia\.jdks\temurin-17.0.4.1\bin\jimage.dll
0x00007ffc7a9c0000 - 0x00007ffc7abe1000 	C:\WINDOWS\SYSTEM32\DBGHELP.DLL
0x00007ffc585e0000 - 0x00007ffc58611000 	C:\WINDOWS\SYSTEM32\dbgcore.DLL
0x00007ffc80000000 - 0x00007ffc8007f000 	C:\WINDOWS\System32\bcryptPrimitives.dll
0x00007ffc79dd0000 - 0x00007ffc79dde000 	C:\Users\assia\.jdks\temurin-17.0.4.1\bin\instrument.dll
0x00007ffc2dd40000 - 0x00007ffc2dd65000 	C:\Users\assia\.jdks\temurin-17.0.4.1\bin\java.dll

dbghelp: loaded successfully - version: 4.0.5 - missing functions: none
symbol engine: initialized successfully - sym options: 0x614 - pdb path: .;C:\Users\assia\.jdks\temurin-17.0.4.1\bin;C:\WINDOWS\SYSTEM32;C:\WINDOWS\WinSxS\amd64_microsoft.windows.common-controls_6595b64144ccf1df_6.0.22000.120_none_9d947278b86cc467;C:\Users\assia\.jdks\temurin-17.0.4.1\bin\server

VM Arguments:
jvm_args: -XX:TieredStopAtLevel=1 -Xverify:none -Dspring.output.ansi.enabled=always -Dcom.sun.management.jmxremote -Dspring.jmx.enabled=true -Dspring.liveBeansView.mbeanDomain -Dspring.application.admin.enabled=true -javaagent:C:\Program Files\JetBrains\IntelliJ IDEA 2021.3.2\lib\idea_rt.jar=54805:C:\Program Files\JetBrains\IntelliJ IDEA 2021.3.2\bin -Dfile.encoding=UTF-8 
java_command: org.sid.billingproducer.BillingProducerApplication
java_class_path (initial): C:\Users\assia\Desktop\Emsi\S9\JEE\Billing Producer\target\classes;C:\Users\assia\.m2\repository\org\springframework\boot\spring-boot-starter-web\3.0.1\spring-boot-starter-web-3.0.1.jar;C:\Users\assia\.m2\repository\org\springframework\boot\spring-boot-starter\3.0.1\spring-boot-starter-3.0.1.jar;C:\Users\assia\.m2\repository\org\springframework\boot\spring-boot\3.0.1\spring-boot-3.0.1.jar;C:\Users\assia\.m2\repository\org\springframework\boot\spring-boot-autoconfigure\3.0.1\spring-boot-autoconfigure-3.0.1.jar;C:\Users\assia\.m2\repository\org\springframework\boot\spring-boot-starter-logging\3.0.1\spring-boot-starter-logging-3.0.1.jar;C:\Users\assia\.m2\repository\ch\qos\logback\logback-classic\1.4.5\logback-classic-1.4.5.jar;C:\Users\assia\.m2\repository\ch\qos\logback\logback-core\1.4.5\logback-core-1.4.5.jar;C:\Users\assia\.m2\repository\org\apache\logging\log4j\log4j-to-slf4j\2.19.0\log4j-to-slf4j-2.19.0.jar;C:\Users\assia\.m2\repository\org\apache\logging\log4j\log4j-api\2.19.0\log4j-api-2.19.0.jar;C:\Users\assia\.m2\repository\org\slf4j\jul-to-slf4j\2.0.6\jul-to-slf4j-2.0.6.jar;C:\Users\assia\.m2\repository\jakarta\annotation\jakarta.annotation-api\2.1.1\jakarta.annotation-api-2.1.1.jar;C:\Users\assia\.m2\repository\org\yaml\snakeyaml\1.33\snakeyaml-1.33.jar;C:\Users\assia\.m2\repository\org\springframework\boot\spring-boot-starter-json\3.0.1\spring-boot-starter-json-3.0.1.jar;C:\Users\assia\.m2\repository\com\fasterxml\jackson\datatype\jackson-datatype-jdk8\2.14.1\jackson-datatype-jdk8-2.14.1.jar;C:\Users\assia\.m2\repository\com\fasterxml\jackson\datatype\jackson-datatype-jsr310\2.14.1\jackson-datatype-jsr310-2.14.1.jar;C:\Users\assia\.m2\repository\com\fasterxml\jackson\module\jackson-module-parameter-names\2.14.1\jackson-module-parameter-names-2.14.1.jar;C:\Users\assia\.m2\repository\org\springframework\boot\spring-boot-starter-tomcat\3.0.1\spring-boot-starter-tomcat-3.0.1.jar;C:\Users\assia\.m2\repository\org\apache\tomcat\embe
Launcher Type: SUN_STANDARD

[Global flags]
     intx CICompilerCount                          = 4                                         {product} {ergonomic}
     uint ConcGCThreads                            = 2                                         {product} {ergonomic}
     uint G1ConcRefinementThreads                  = 8                                         {product} {ergonomic}
   size_t G1HeapRegionSize                         = 1048576                                   {product} {ergonomic}
    uintx GCDrainStackTargetSize                   = 64                                        {product} {ergonomic}
   size_t InitialHeapSize                          = 132120576                                 {product} {ergonomic}
     bool ManagementServer                         = true                                      {product} {command line}
   size_t MarkStackSize                            = 4194304                                   {product} {ergonomic}
   size_t MaxHeapSize                              = 2111832064                                {product} {ergonomic}
   size_t MinHeapDeltaBytes                        = 1048576                                   {product} {ergonomic}
   size_t MinHeapSize                              = 8388608                                   {product} {ergonomic}
    uintx NonProfiledCodeHeapSize                  = 0                                      {pd product} {ergonomic}
     bool ProfileInterpreter                       = false                                  {pd product} {command line}
    uintx ProfiledCodeHeapSize                     = 0                                      {pd product} {ergonomic}
   size_t SoftMaxHeapSize                          = 2111832064                             {manageable} {ergonomic}
     intx TieredStopAtLevel                        = 1                                         {product} {command line}
     bool UseCompressedClassPointers               = true                           {product lp64_product} {ergonomic}
     bool UseCompressedOops                        = true                           {product lp64_product} {ergonomic}
     bool UseG1GC                                  = true                                      {product} {ergonomic}
     bool UseLargePagesIndividualAllocation        = false                                  {pd product} {ergonomic}

Logging:
Log output configuration:
 #0: stdout all=warning uptime,level,tags
 #1: stderr all=off uptime,level,tags

Environment Variables:
JAVA_HOME=C:\Program Files\Java\jdk-18.0.2.1
PATH=C:\Program Files\Java\jdk-18.0.2.1\bin;C:\ProgramData\Oracle\Java\javapath;C:\Python310\Scripts\;C:\Python310\;C:\app\assia\product\11.2.0\dbhome_1\bin;C:\Program Files (x86)\Common Files\Oracle\Java\javapath;C:\Program Files\Common Files\Oracle\Java\javapath;C:\WINDOWS\system32;C:\WINDOWS;C:\WINDOWS\System32\Wbem;C:\WINDOWS\System32\WindowsPowerShell\v1.0\;C:\WINDOWS\System32\OpenSSH\;C:\Python27;C:\apache-cassandra-3.11.9\bin;C:\Program Files\MongoDB\Server\4.4\bin;C:\Program Files\dotnet\;C:\Program Files\Microsoft SQL Server\130\Tools\Binn\;C:\Program Files\Microsoft SQL Server\Client SDK\ODBC\170\Tools\Binn\;C:\Program Files (x86)\Microsoft SQL Server\150\Tools\Binn\;C:\Program Files\Microsoft SQL Server\150\Tools\Binn\;C:\Program Files\Microsoft SQL Server\150\DTS\Binn\;C:\Program Files (x86)\Microsoft SQL Server\Client SDK\ODBC\130\Tools\Binn\;C:\Program Files (x86)\Microsoft SQL Server\140\Tools\Binn\;C:\Program Files (x86)\Microsoft SQL Server\140\DTS\Binn\;C:\Program Files (x86)\Microsoft SQL Server\140\Tools\Binn\ManagementStudio\;C:\Program Files\apache-maven-3.8.4-bin\apache-maven-3.8.4\bin;C:\FLEX;C:\Program Files (x86)\Dev-Cpp\MinGW64\bin;C:\Program Files\Git\cmd;C:\ProgramData\chocolatey\bin;C:\Program Files\nodejs\;C:\Program Files (x86)\Microsoft SQL Server\110\DTS\Binn\;C:\Program Files (x86)\Microsoft SQL Server\120\DTS\Binn\;C:\Program Files (x86)\Microsoft SQL Server\130\DTS\Binn\;C:\Program Files (x86)\Microsoft SQL Server\150\DTS\Binn\;C:\Program Files\Azure Data Studio\bin;C:\apache-maven-3.8.6\bin;C:\Program Files\Java\jdk-18.0.2.1;C:\Program Files\Java\jdk-18.0.2.1;C:\Program Files\MySQL\MySQL Shell 8.0\bin\;C:\Users\assia\AppData\Local\Microsoft\WindowsApps;C:\Users\assia\.dotnet\tools;C:\Program Files\JetBrains\IntelliJ IDEA 2021.3.2\bin;;C:\Users\assia\AppData\Roaming\npm;C:\Users\assia\AppData\Local\Programs\Microsoft VS Code\bin;C:\Program Files\JetBrains\PyCharm Community Edition 2022.2.3\bin;;C:\Program Files\Azure Data Studio\bin
USERNAME=assia
OS=Windows_NT
PROCESSOR_IDENTIFIER=Intel64 Family 6 Model 142 Stepping 10, GenuineIntel
TMP=C:\Users\assia\AppData\Local\Temp
TEMP=C:\Users\assia\AppData\Local\Temp



---------------  S Y S T E M  ---------------

OS:
 Windows 11 , 64 bit Build 22000 (10.0.22000.1335)
OS uptime: 1 days 1:34 hours
Hyper-V role detected

CPU: total 8 (initial active 8) (4 cores per cpu, 2 threads per core) family 6 model 142 stepping 10 microcode 0xe0, cx8, cmov, fxsr, ht, mmx, 3dnowpref, sse, sse2, sse3, ssse3, sse4.1, sse4.2, popcnt, lzcnt, tsc, tscinvbit, avx, avx2, aes, erms, clmul, bmi1, bmi2, rtm, adx, fma, vzeroupper, clflush, clflushopt, hv

Memory: 4k page, system-wide physical 8050M (369M free)
TotalPageFile size 25951M (AvailPageFile size 63M)
current process WorkingSet (physical memory assigned to process): 10M, peak: 10M
current process commit charge ("private bytes"): 55M, peak: 181M

vm_info: OpenJDK 64-Bit Server VM (17.0.4.1+1) for windows-amd64 JRE (17.0.4.1+1), built on Aug 17 2022 07:42:43 by "temurin" with MS VC++ 16.7 (VS2019)

END.
